# JRE version: Java(TM) SE Runtime Environment (22.0.2+9) (build 22.0.2+9-70)
# Java VM: Java HotSpot(TM) 64-Bit Server VM (22.0.2+9-70, mixed mode, sharing, tiered, compressed oops, compressed class ptrs, g1 gc, windows-amd64)
GC Precious Log:
 CardTable entry size: 512
 Card Set container configuration: InlinePtr #cards 4 size 8 Array Of Cards #cards 16 size 48 Howl #buckets 8 coarsen threshold 3686 Howl Bitmap #cards 512 size 80 coarsen threshold 460 Card regions per heap region 1 cards per card region 4096
 CPUs: 4 total, 4 available
 Memory: 16277M
 Large Page Support: Disabled
 NUMA Support: Disabled
 Compressed Oops: Enabled (Zero based)
 Heap Region Size: 2M
 Heap Min Capacity: 8M
 Heap Initial Capacity: 256M
 Heap Max Capacity: 4070M
 Pre-touch: Disabled
 Parallel Workers: 4
 Concurrent Workers: 1
 Concurrent Refinement Workers: 4
 Periodic GC: Disabled
Heap:
 garbage-first heap   total reserved 4167680K, committed 272384K, used 196047K [0x0000000701a00000, 0x0000000800000000)
  region size 2048K, 37 young (75776K), 8 survivors (16384K)
 Metaspace       used 38514K, committed 39168K, reserved 1114112K
  class space    used 4223K, committed 4480K, reserved 1048576K
GC Heap History (20 events):
Event: 30.006 GC heap before
{Heap before GC invocations=16 (full 0):
 garbage-first heap   total reserved 4167680K, committed 153600K, used 136095K [0x0000000701a00000, 0x0000000800000000)
  region size 2048K, 30 young (61440K), 3 survivors (6144K)
 Metaspace       used 30889K, committed 31424K, reserved 1114112K
  class space    used 3446K, committed 3648K, reserved 1048576K
}
Event: 30.056 GC heap after
{Heap after GC invocations=17 (full 0):
 garbage-first heap   total reserved 4167680K, committed 153600K, used 83699K [0x0000000701a00000, 0x0000000800000000)
  region size 2048K, 3 young (6144K), 3 survivors (6144K)
 Metaspace       used 30889K, committed 31424K, reserved 1114112K
  class space    used 3446K, committed 3648K, reserved 1048576K
}
Event: 30.901 GC heap before
{Heap before GC invocations=18 (full 0):
 garbage-first heap   total reserved 4167680K, committed 153600K, used 136947K [0x0000000701a00000, 0x0000000800000000)
  region size 2048K, 29 young (59392K), 3 survivors (6144K)
 Metaspace       used 30905K, committed 31424K, reserved 1114112K
  class space    used 3447K, committed 3648K, reserved 1048576K
}
Event: 30.917 GC heap after
{Heap after GC invocations=19 (full 0):
 garbage-first heap   total reserved 4167680K, committed 153600K, used 84592K [0x0000000701a00000, 0x0000000800000000)
  region size 2048K, 3 young (6144K), 3 survivors (6144K)
 Metaspace       used 30905K, committed 31424K, reserved 1114112K
  class space    used 3447K, committed 3648K, reserved 1048576K
}
Event: 31.287 GC heap before
{Heap before GC invocations=19 (full 0):
 garbage-first heap   total reserved 4167680K, committed 153600K, used 133744K [0x0000000701a00000, 0x0000000800000000)
  region size 2048K, 27 young (55296K), 3 survivors (6144K)
 Metaspace       used 31004K, committed 31552K, reserved 1114112K
  class space    used 3451K, committed 3712K, reserved 1048576K
}
Event: 31.306 GC heap after
{Heap after GC invocations=20 (full 0):
 garbage-first heap   total reserved 4167680K, committed 198656K, used 86690K [0x0000000701a00000, 0x0000000800000000)
  region size 2048K, 4 young (8192K), 4 survivors (8192K)
 Metaspace       used 31004K, committed 31552K, reserved 1114112K
  class space    used 3451K, committed 3712K, reserved 1048576K
}
Event: 31.860 GC heap before
{Heap before GC invocations=20 (full 0):
 garbage-first heap   total reserved 4167680K, committed 198656K, used 176802K [0x0000000701a00000, 0x0000000800000000)
  region size 2048K, 48 young (98304K), 4 survivors (8192K)
 Metaspace       used 31059K, committed 31616K, reserved 1114112K
  class space    used 3451K, committed 3712K, reserved 1048576K
}
Event: 31.872 GC heap after
{Heap after GC invocations=21 (full 0):
 garbage-first heap   total reserved 4167680K, committed 198656K, used 85975K [0x0000000701a00000, 0x0000000800000000)
  region size 2048K, 2 young (4096K), 2 survivors (4096K)
 Metaspace       used 31059K, committed 31616K, reserved 1114112K
  class space    used 3451K, committed 3712K, reserved 1048576K
}
Event: 32.371 GC heap before
{Heap before GC invocations=21 (full 0):
 garbage-first heap   total reserved 4167680K, committed 198656K, used 180183K [0x0000000701a00000, 0x0000000800000000)
  region size 2048K, 48 young (98304K), 2 survivors (4096K)
 Metaspace       used 31082K, committed 31616K, reserved 1114112K
  class space    used 3451K, committed 3712K, reserved 1048576K
}
Event: 32.383 GC heap after
{Heap after GC invocations=22 (full 0):
 garbage-first heap   total reserved 4167680K, committed 198656K, used 86746K [0x0000000701a00000, 0x0000000800000000)
  region size 2048K, 2 young (4096K), 2 survivors (4096K)
 Metaspace       used 31082K, committed 31616K, reserved 1114112K
  class space    used 3451K, committed 3712K, reserved 1048576K
}
Event: 32.796 GC heap before
{Heap before GC invocations=22 (full 0):
 garbage-first heap   total reserved 4167680K, committed 198656K, used 180954K [0x0000000701a00000, 0x0000000800000000)
  region size 2048K, 48 young (98304K), 2 survivors (4096K)
 Metaspace       used 31114K, committed 31680K, reserved 1114112K
  class space    used 3451K, committed 3712K, reserved 1048576K
}
Event: 32.806 GC heap after
{Heap after GC invocations=23 (full 0):
 garbage-first heap   total reserved 4167680K, committed 198656K, used 86927K [0x0000000701a00000, 0x0000000800000000)
  region size 2048K, 3 young (6144K), 3 survivors (6144K)
 Metaspace       used 31114K, committed 31680K, reserved 1114112K
  class space    used 3451K, committed 3712K, reserved 1048576K
}
Event: 33.597 GC heap before
{Heap before GC invocations=24 (full 0):
 garbage-first heap   total reserved 4167680K, committed 198656K, used 177039K [0x0000000701a00000, 0x0000000800000000)
  region size 2048K, 47 young (96256K), 3 survivors (6144K)
 Metaspace       used 32138K, committed 32704K, reserved 1114112K
  class space    used 3607K, committed 3840K, reserved 1048576K
}
Event: 33.614 GC heap after
{Heap after GC invocations=25 (full 0):
 garbage-first heap   total reserved 4167680K, committed 198656K, used 86939K [0x0000000701a00000, 0x0000000800000000)
  region size 2048K, 3 young (6144K), 3 survivors (6144K)
 Metaspace       used 32138K, committed 32704K, reserved 1114112K
  class space    used 3607K, committed 3840K, reserved 1048576K
}
Event: 36.914 GC heap before
{Heap before GC invocations=25 (full 0):
 garbage-first heap   total reserved 4167680K, committed 198656K, used 177051K [0x0000000701a00000, 0x0000000800000000)
  region size 2048K, 47 young (96256K), 3 survivors (6144K)
 Metaspace       used 33427K, committed 33984K, reserved 1114112K
  class space    used 3686K, committed 3904K, reserved 1048576K
}
Event: 36.940 GC heap after
{Heap after GC invocations=26 (full 0):
 garbage-first heap   total reserved 4167680K, committed 253952K, used 88451K [0x0000000701a00000, 0x0000000800000000)
  region size 2048K, 4 young (8192K), 4 survivors (8192K)
 Metaspace       used 33427K, committed 33984K, reserved 1114112K
  class space    used 3686K, committed 3904K, reserved 1048576K
}
Event: 43.525 GC heap before
{Heap before GC invocations=26 (full 0):
 garbage-first heap   total reserved 4167680K, committed 253952K, used 231811K [0x0000000701a00000, 0x0000000800000000)
  region size 2048K, 73 young (149504K), 4 survivors (8192K)
 Metaspace       used 33906K, committed 34496K, reserved 1114112K
  class space    used 3707K, committed 3968K, reserved 1048576K
}
Event: 43.562 GC heap after
{Heap after GC invocations=27 (full 0):
 garbage-first heap   total reserved 4167680K, committed 272384K, used 121870K [0x0000000701a00000, 0x0000000800000000)
  region size 2048K, 10 young (20480K), 10 survivors (20480K)
 Metaspace       used 33906K, committed 34496K, reserved 1114112K
  class space    used 3707K, committed 3968K, reserved 1048576K
}
Event: 45.966 GC heap before
{Heap before GC invocations=27 (full 0):
 garbage-first heap   total reserved 4167680K, committed 272384K, used 232462K [0x0000000701a00000, 0x0000000800000000)
  region size 2048K, 64 young (131072K), 10 survivors (20480K)
 Metaspace       used 35605K, committed 36224K, reserved 1114112K
  class space    used 3915K, committed 4224K, reserved 1048576K
}
Event: 46.006 GC heap after
{Heap after GC invocations=28 (full 0):
 garbage-first heap   total reserved 4167680K, committed 272384K, used 138703K [0x0000000701a00000, 0x0000000800000000)
  region size 2048K, 8 young (16384K), 8 survivors (16384K)
 Metaspace       used 35605K, committed 36224K, reserved 1114112K
  class space    used 3915K, committed 4224K, reserved 1048576K
}

